Log file initialized at 05/26/2025 13:35:53
2025-05-26 13:35:53 [INFO] - Script gestartet - Version 0.3.1
2025-05-26 13:35:53 [ERROR] - Fehler beim Initialisieren der Anwendung: Der Wert "<Window 
    xmlns="http://schemas.microsoft.com/winfx/2006/xaml/presentation"
    xmlns:x="http://schemas.microsoft.com/winfx/2006/xaml"
    Title="easyADgroup - Modern AD Group Manager" 
    Width="1400" 
    Height="1003" 
    WindowStartupLocation="CenterScreen" 
    ResizeMode="CanResize"
    MinWidth="1200"
    MinHeight="800"
    Background="#F3F3F3"
    WindowStyle="SingleBorderWindow">

    <Window.Resources>
        <!-- Modern Windows 11 Style Resources -->
        <Style x:Key="ModernButton" TargetType="Button">
            <Setter Property="Background" Value="#0078D4"/>
            <Setter Property="Foreground" Value="White"/>
            <Setter Property="BorderThickness" Value="0"/>
            <Setter Property="Padding" Value="12,6"/>
            <Setter Property="FontSize" Value="13"/>
            <Setter Property="FontWeight" Value="SemiBold"/>
            <Setter Property="Cursor" Value="Hand"/>
            <Setter Property="Template">
                <Setter.Value>
                    <ControlTemplate TargetType="Button">
                        <Border Background="{TemplateBinding Background}" 
                                CornerRadius="4" 
                                BorderThickness="{TemplateBinding BorderThickness}"
                                BorderBrush="{TemplateBinding BorderBrush}">
                            <ContentPresenter HorizontalAlignment="Center" VerticalAlignment="Center"/>
                        </Border>
                        <ControlTemplate.Triggers>
                            <Trigger Property="IsMouseOver" Value="True">
                                <Setter Property="Background" Value="#106EBE"/>
                            </Trigger>
                            <Trigger Property="IsPressed" Value="True">
                                <Setter Property="Background" Value="#005A9E"/>
                            </Trigger>
                        </ControlTemplate.Triggers>
                    </ControlTemplate>
                </Setter.Value>
            </Setter>
        </Style>

        <Style x:Key="SecondaryButton" TargetType="Button" BasedOn="{StaticResource ModernButton}">
            <Setter Property="Background" Value="#F3F2F1"/>
            <Setter Property="Foreground" Value="#323130"/>
            <Setter Property="BorderThickness" Value="1"/>
            <Setter Property="BorderBrush" Value="#D2D0CE"/>
            <Style.Triggers>
                <Trigger Property="IsMouseOver" Value="True">
                    <Setter Property="Background" Value="#EDEBE9"/>
                </Trigger>
                <Trigger Property="IsPressed" Value="True">
                    <Setter Property="Background" Value="#E1DFDD"/>
                </Trigger>
            </Style.Triggers>
        </Style>

        <Style x:Key="DangerButton" TargetType="Button" BasedOn="{StaticResource ModernButton}">
            <Setter Property="Background" Value="#D13438"/>
            <Style.Triggers>
                <Trigger Property="IsMouseOver" Value="True">
                    <Setter Property="Background" Value="#B02E32"/>
                </Trigger>
                <Trigger Property="IsPressed" Value="True">
                    <Setter Property="Background" Value="#A02B2F"/>
                </Trigger>
            </Style.Triggers>
        </Style>

        <Style x:Key="CompactGroupBox" TargetType="GroupBox">
            <Setter Property="Background" Value="White"/>
            <Setter Property="BorderBrush" Value="#E1DFDD"/>
            <Setter Property="BorderThickness" Value="1"/>
            <Setter Property="Margin" Value="0,4,0,4"/>
            <Setter Property="Padding" Value="12"/>
            <Setter Property="FontWeight" Value="SemiBold"/>
            <Setter Property="Template">
                <Setter.Value>
                    <ControlTemplate TargetType="GroupBox">
                        <Border Background="{TemplateBinding Background}" 
                                BorderBrush="{TemplateBinding BorderBrush}" 
                                BorderThickness="{TemplateBinding BorderThickness}"
                                CornerRadius="6">
                            <Grid>
                                <Grid.RowDefinitions>
                                    <RowDefinition Height="Auto"/>
                                    <RowDefinition Height="*"/>
                                </Grid.RowDefinitions>
                                <Border Grid.Row="0" Background="#F8F8F8" CornerRadius="6,6,0,0" Padding="12,8">
                                    <ContentPresenter ContentSource="Header" TextElement.FontWeight="SemiBold" TextElement.FontSize="14"/>
                                </Border>
                                <ContentPresenter Grid.Row="1" Margin="{TemplateBinding Padding}"/>
                            </Grid>
                        </Border>
                    </ControlTemplate>
                </Setter.Value>
            </Setter>
        </Style>

        <Style x:Key="InfoGroupBox" TargetType="GroupBox" BasedOn="{StaticResource CompactGroupBox}">
            <Setter Property="Background" Value="#F0F8FF"/>
            <Setter Property="BorderBrush" Value="#B3D9FF"/>
        </Style>

        <Style x:Key="ModernTextBox" TargetType="TextBox">
            <Setter Property="Background" Value="White"/>
            <Setter Property="Foreground" Value="#323130"/>
            <Setter Property="BorderBrush" Value="#D2D0CE"/>
            <Setter Property="BorderThickness" Value="1"/>
            <Setter Property="Padding" Value="8,6"/>
            <Setter Property="FontSize" Value="13"/>
            <Setter Property="CaretBrush" Value="#323130"/>
            <Setter Property="SelectionBrush" Value="#0078D4"/>
        </Style>

        <Style x:Key="ModernComboBox" TargetType="ComboBox">
            <Setter Property="Background" Value="White"/>
            <Setter Property="BorderBrush" Value="#D2D0CE"/>
            <Setter Property="BorderThickness" Value="1"/>
            <Setter Property="Padding" Value="8,6"/>
            <Setter Property="FontSize" Value="13"/>
            <Setter Property="Template">
                <Setter.Value>
                    <ControlTemplate TargetType="ComboBox">
                        <Border Background="{TemplateBinding Background}" 
                                BorderBrush="{TemplateBinding BorderBrush}" 
                                BorderThickness="{TemplateBinding BorderThickness}"
                                CornerRadius="3">
                            <Grid>
                                <ToggleButton x:Name="ToggleButton" Background="Transparent" BorderThickness="0" 
                                              IsChecked="{Binding IsDropDownOpen, RelativeSource={RelativeSource TemplatedParent}}"
                                              ClickMode="Press"/>
                                <ContentPresenter x:Name="ContentSite" IsHitTestVisible="False" 
                                                  Content="{TemplateBinding SelectionBoxItem}"
                                                  ContentTemplate="{TemplateBinding SelectionBoxItemTemplate}"
                                                  ContentTemplateSelector="{TemplateBinding ItemTemplateSelector}"
                                                  Margin="{TemplateBinding Padding}"
                                                  VerticalAlignment="Center"
                                                  HorizontalAlignment="Left"/>
                                <Popup x:Name="Popup" Placement="Bottom" IsOpen="{TemplateBinding IsDropDownOpen}"
                                       AllowsTransparency="True" Focusable="False" PopupAnimation="Slide">
                                    <Border Background="White" BorderBrush="#D2D0CE" BorderThickness="1" CornerRadius="3"
                                            MinWidth="{TemplateBinding ActualWidth}" MaxHeight="200">
                                        <ScrollViewer>
                                            <StackPanel IsItemsHost="True"/>
                                        </ScrollViewer>
                                    </Border>
                                </Popup>
                            </Grid>
                        </Border>
                        <ControlTemplate.Triggers>
                            <Trigger Property="IsFocused" Value="True">
                                <Setter Property="BorderBrush" Value="#0078D4"/>
                                <Setter Property="BorderThickness" Value="2"/>
                            </Trigger>
                        </ControlTemplate.Triggers>
                    </ControlTemplate>
                </Setter.Value>
            </Setter>
        </Style>

        <Style x:Key="ModernListBox" TargetType="ListBox">
            <Setter Property="Background" Value="White"/>
            <Setter Property="BorderBrush" Value="#D2D0CE"/>
            <Setter Property="BorderThickness" Value="1"/>
            <Setter Property="Template">
                <Setter.Value>
                    <ControlTemplate TargetType="ListBox">
                        <Border Background="{TemplateBinding Background}" 
                                BorderBrush="{TemplateBinding BorderBrush}" 
                                BorderThickness="{TemplateBinding BorderThickness}"
                                CornerRadius="3">
                            <ScrollViewer>
                                <StackPanel IsItemsHost="True"/>
                            </ScrollViewer>
                        </Border>
                    </ControlTemplate>
                </Setter.Value>
            </Setter>
        </Style>

        <Style x:Key="ModernRadioButton" TargetType="RadioButton">
            <Setter Property="FontSize" Value="13"/>
            <Setter Property="Margin" Value="0,2"/>
            <Setter Property="Padding" Value="6,0,0,0"/>
        </Style>

        <Style x:Key="ModernCheckBox" TargetType="CheckBox">
            <Setter Property="FontSize" Value="13"/>
            <Setter Property="Margin" Value="0,4"/>
            <Setter Property="Padding" Value="6,0,0,0"/>
        </Style>
    </Window.Resources>

    <Grid>
        <Grid.RowDefinitions>
            <RowDefinition Height="70" />
            <RowDefinition Height="*" />
            <RowDefinition Height="40" />
        </Grid.RowDefinitions>

        <!-- Header -->
        <Border Grid.Row="0" Background="#0078D4" Height="70">
            <Grid Margin="20,12">
                <Grid.ColumnDefinitions>
                    <ColumnDefinition Width="*"/>
                    <ColumnDefinition Width="Auto"/>
                </Grid.ColumnDefinitions>

                <StackPanel Grid.Column="0" VerticalAlignment="Center">
                    <TextBlock x:Name="labelAppName" 
                               Text="easyADgroup" 
                               FontSize="20" 
                               FontWeight="Bold" 
                               Foreground="White"/>
                    <TextBlock x:Name="labelInfo" 
                               Text="{Binding LabelInfo}" 
                               FontSize="11" 
                               Foreground="#E1F5FE" 
                               Margin="0,2,0,0"/>
                </StackPanel>

                <Border Grid.Column="1" 
                        Background="White" 
                        CornerRadius="6" 
                        Padding="12,6" 
                        VerticalAlignment="Center">
                    <StackPanel Orientation="Horizontal">
                        <TextBlock Text="?" FontSize="16" FontWeight="Bold" VerticalAlignment="Center" Margin="0,0,6,0"/>
                        <TextBlock Text="HELP" 
                                   FontWeight="SemiBold" 
                                   FontSize="13"
                                   VerticalAlignment="Center" 
                                   Foreground="#323130"/>
                    </StackPanel>
                </Border>
            </Grid>
        </Border>

        <!-- Main Content -->
        <Grid Grid.Row="1" Margin="16,8">
            <Grid.ColumnDefinitions>
                <ColumnDefinition Width="2*"/>
                <ColumnDefinition Width="8"/>
                <ColumnDefinition Width="3*"/>
            </Grid.ColumnDefinitions>

            <!-- Left Column: Configuration -->
            <StackPanel Grid.Column="0">

                <!-- Quick Actions -->
                <GroupBox Header="Quick Actions" Style="{StaticResource CompactGroupBox}">
                    <UniformGrid Columns="3" Margin="0,4">
                        <Button Content="Templates" Style="{StaticResource SecondaryButton}" 
                                x:Name="buttonLoadTemplate" Margin="0,0,4,0" Height="28"/>
                        <Button Content="Save" Style="{StaticResource SecondaryButton}" 
                                x:Name="buttonSaveTemplate" Margin="2,0" Height="28"/>
                        <Button Content="Reset" Style="{StaticResource SecondaryButton}" 
                                x:Name="buttonReset" Margin="4,0,0,0" Height="28"/>
                    </UniformGrid>
                </GroupBox>

                <!-- OU Selection -->
                <GroupBox Header="OU Selection" Style="{StaticResource CompactGroupBox}" Margin="0,8,0,8">
                    <StackPanel>
                        <TextBlock Text="Target OU for new groups:" Margin="0,0,0,4" FontSize="12"/>
                        <ComboBox x:Name="comboBoxOU" 
                                  Style="{StaticResource ModernComboBox}"
                                  DisplayMemberPath="Name" 
                                  SelectedValuePath="DN"
                                  Height="35"/>
                    </StackPanel>
                </GroupBox>

                <!-- Group Configuration -->
                <GroupBox Header="Group Configuration" Style="{StaticResource CompactGroupBox}" Height="365">
                    <Grid Height="320">
                        <Grid.RowDefinitions>
                            <RowDefinition Height="Auto"/>
                            <RowDefinition Height="Auto"/>
                            <RowDefinition Height="Auto"/>
                            <RowDefinition Height="Auto"/>
                            <RowDefinition Height="Auto"/>
                        </Grid.RowDefinitions>

                        <!-- Group Name -->
                        <Grid Grid.Row="0" Margin="0,0,0,8">
                            <Grid.ColumnDefinitions>
                                <ColumnDefinition Width="100"/>
                                <ColumnDefinition Width="*"/>
                            </Grid.ColumnDefinitions>
                            <TextBlock Grid.Column="0" Text="Name:" VerticalAlignment="Center" FontWeight="SemiBold" FontSize="12"/>
                            <TextBox Grid.Column="1" x:Name="textBoxPrefix"Height="28"/>
                        </Grid>

                        <!-- Number Range -->
                        <Grid Grid.Row="1" Margin="0,0,0,8">
                            <Grid.ColumnDefinitions>
                                <ColumnDefinition Width="100"/>
                                <ColumnDefinition Width="120"/>
                                <ColumnDefinition Width="80"/>
                                <ColumnDefinition Width="80"/>
                            </Grid.ColumnDefinitions>

                            <TextBlock Grid.Column="0" Text="Range:" VerticalAlignment="Center" FontWeight="SemiBold" FontSize="12"/>

                            <StackPanel Grid.Column="1" Margin="0,0,4,0">
                                <TextBlock Text="Seperator" FontSize="10" Margin="0,0,0,2"/>
                                <TextBox x:Name="textBoxSeparator" Text="-" Height="28"/>
                            </StackPanel>

                            <StackPanel Grid.Column="2" Margin="2,0">
                                <TextBlock Text="Start" FontSize="10" Margin="0,0,0,2"/>
                                <TextBox x:Name="textBoxStart" Height="28"/>
                            </StackPanel>

                            <StackPanel Grid.Column="3" Margin="4,0,0,0">
                                <TextBlock Text="End" FontSize="10" Margin="0,0,0,2"/>
                                <TextBox x:Name="textBoxEnd" Height="28"/>
                            </StackPanel>
                        </Grid>

                        <!-- Description -->
                        <Grid Grid.Row="2" Margin="0,0,0,8">
                            <Grid.ColumnDefinitions>
                                <ColumnDefinition Width="100"/>
                                <ColumnDefinition Width="*"/>
                            </Grid.ColumnDefinitions>
                            <TextBlock Grid.Column="0" Text="Description:" VerticalAlignment="Center" FontWeight="SemiBold" FontSize="12"/>
                            <TextBox Grid.Column="1" x:Name="textBoxDescription" Style="{StaticResource ModernTextBox}" Height="28"/>
                        </Grid>

                        <!-- Type and Scope -->
                        <Grid Grid.Row="3" Margin="0,10,0,8">
                            <Grid.ColumnDefinitions>
                                <ColumnDefinition Width="*"/>
                                <ColumnDefinition Width="4"/>
                                <ColumnDefinition Width="*"/>
                            </Grid.ColumnDefinitions>

                            <Border Grid.Column="0" Background="#F8F8F8" CornerRadius="4" Padding="8">
                                <StackPanel>
                                    <TextBlock Text="Type" FontWeight="SemiBold" FontSize="12" Margin="0,0,0,4"/>
                                    <RadioButton x:Name="radioSecurity" Content="Security" 
                                                 IsChecked="True" Style="{StaticResource ModernRadioButton}"/>
                                    <RadioButton x:Name="radioDistribution" Content="Distribution" 
                                                 Style="{StaticResource ModernRadioButton}"/>
                                </StackPanel>
                            </Border>

                            <Border Grid.Column="2" Background="#F8F8F8" CornerRadius="4" Padding="8">
                                <StackPanel>
                                    <TextBlock Text="Scope" FontWeight="SemiBold" FontSize="12" Margin="0,0,0,4"/>
                                    <RadioButton x:Name="radioGlobal" Content="Global" 
                                                 IsChecked="True" Style="{StaticResource ModernRadioButton}"/>
                                    <RadioButton x:Name="radioUniversal" Content="Universal" 
                                                 Style="{StaticResource ModernRadioButton}"/>
                                    <RadioButton x:Name="radioDomainLocal" Content="Domain Local" 
                                                 Style="{StaticResource ModernRadioButton}"/>
                                </StackPanel>
                            </Border>
                        </Grid>

                        <!-- Options -->
                        <UniformGrid Grid.Row="4" Columns="3">
                            <CheckBox x:Name="chkSpecial" 
                                      Content="JIRA/Confluence Mode" 
                                      Style="{StaticResource ModernCheckBox}" Margin="0,10,2,0"/>
                            <CheckBox x:Name="chkAutoNaming" 
                                      Content="Auto-Naming" 
                                      Style="{StaticResource ModernCheckBox}" Margin="2,10,2,0"/>
                            <CheckBox x:Name="chkCreateOUIfNotExists" 
                                      Content="Auto-create OU" 
                                      Style="{StaticResource ModernCheckBox}" Margin="2,10,0,0"/>
                        </UniformGrid>
                    </Grid>
                </GroupBox>

                <!-- Advanced Options -->
                <GroupBox Header="Advanced Options" Style="{StaticResource CompactGroupBox}" Height="218" Margin="0,11,0,0">
                    <Grid Height="150">
                        <Grid.RowDefinitions>
                            <RowDefinition Height="Auto"/>
                            <RowDefinition Height="Auto"/>
                            <RowDefinition Height="Auto"/>
                        </Grid.RowDefinitions>

                        <!-- CSV Operations -->
                        <Border Grid.Row="0" Background="#FFF4E6" CornerRadius="4" Padding="8" Margin="0,0,0,8">
                            <StackPanel>
                                <TextBlock Text="CSV Import/Export" FontWeight="SemiBold" FontSize="12" Margin="0,0,0,4"/>
                                <UniformGrid Columns="2">
                                    <Button Content="Template" Style="{StaticResource SecondaryButton}" 
                                            x:Name="buttonDownloadTemplate" Margin="0,0,2,0" Height="24"/>
                                    <Button Content="Import" Style="{StaticResource SecondaryButton}" 
                                            x:Name="buttonImportCSV" Margin="2,0,0,0" Height="24"/>
                                </UniformGrid>
                            </StackPanel>
                        </Border>

                        <!-- Validation and Email in one row -->
                        <Grid Grid.Row="1">
                            <Grid.ColumnDefinitions>
                                <ColumnDefinition Width="*"/>
                                <ColumnDefinition Width="8"/>
                                <ColumnDefinition Width="*"/>
                            </Grid.ColumnDefinitions>

                            <!-- Validation -->
                            <Border Grid.Column="0" Background="#E8F5E8" CornerRadius="4" Padding="8">
                                <StackPanel>
                                    <TextBlock Text="Validation" FontWeight="SemiBold" FontSize="12" Margin="0,0,0,4"/>
                                    <UniformGrid Columns="3">
                                        <CheckBox x:Name="chkValidateNames" Content="Names" 
                                                  IsChecked="True" Style="{StaticResource ModernCheckBox}" FontSize="11" Margin="0,0,2,0"/>
                                        <CheckBox x:Name="chkCheckDuplicates" Content="Duplicates" 
                                                  IsChecked="True" Style="{StaticResource ModernCheckBox}" FontSize="11" Margin="2,0,2,0"/>
                                        <CheckBox x:Name="chkDryRun" Content="Test Run" 
                                                  Style="{StaticResource ModernCheckBox}" FontSize="11" Margin="2,0,0,0"/>
                                    </UniformGrid>
                                </StackPanel>
                            </Border>

                            <!-- Email -->
                            <Border Grid.Column="2" Background="#F0F8FF" CornerRadius="4" Padding="8">
                                <StackPanel>
                                    <TextBlock Text="Email Notification" FontWeight="SemiBold" FontSize="12" Margin="0,0,0,4"/>
                                    <Grid>
                                        <Grid.ColumnDefinitions>
                                            <ColumnDefinition Width="Auto"/>
                                            <ColumnDefinition Width="*"/>
                                            <ColumnDefinition Width="Auto"/>
                                        </Grid.ColumnDefinitions>
                                        <CheckBox Grid.Column="0" x:Name="chkEmailNotification" Content="" 
                                                  Style="{StaticResource ModernCheckBox}" Margin="0,0,4,0"/>
                                        <TextBox Grid.Column="1" x:Name="textBoxNotificationEmail" 
                                                 Style="{StaticResource ModernTextBox}" 
                                                 Margin="0,0,4,0" Height="24"/>
                                        <Button Grid.Column="2" Content="Test" Style="{StaticResource SecondaryButton}" 
                                                x:Name="buttonTestEmail" Width="40" Height="24"/>
                                    </Grid>
                                </StackPanel>
                            </Border>
                        </Grid>
                    </Grid>
                </GroupBox>
            </StackPanel>

            <!-- Right Column: Users and Info -->
            <Grid Grid.Column="2">
                <Grid.RowDefinitions>
                    <RowDefinition Height="2*"/>
                    <RowDefinition Height="8"/>
                    <RowDefinition Height="Auto"/>
                    <RowDefinition Height="8"/>
                    <RowDefinition Height="Auto"/>
                </Grid.RowDefinitions>

                <!-- Group Members -->
                <GroupBox Grid.Row="0" Header="Group Members" Style="{StaticResource CompactGroupBox}">
                    <Grid>
                        <Grid.RowDefinitions>
                            <RowDefinition Height="Auto"/>
                            <RowDefinition Height="Auto"/>
                            <RowDefinition Height="*"/>
                            <RowDefinition Height="Auto"/>
                        </Grid.RowDefinitions>

                        <!-- Search Field -->
                        <Grid Grid.Row="0" Margin="0,0,0,6">
                            <Grid.ColumnDefinitions>
                                <ColumnDefinition Width="*"/>
                                <ColumnDefinition Width="Auto"/>
                            </Grid.ColumnDefinitions>
                            <TextBox Grid.Column="0" x:Name="textBoxUserSearch" 
                                     Margin="0,0,6,0" Height="32"
                                     ToolTip="Enter username or display name to search" 
                                     Foreground="Black"
                                     Background="White"
                                     BorderBrush="#D2D0CE"
                                     BorderThickness="1"
                                     Padding="8,6"
                                     FontSize="13"/>
                            <Button Grid.Column="1" Content="Search" 
                                    Style="{StaticResource SecondaryButton}" 
                                    x:Name="buttonSearchUsers" Width="60" Height="28"/>
                        </Grid>

                        <TextBlock Grid.Row="1" Text="Select users (Ctrl+Click):" 
                                   Margin="0,0,0,4" FontSize="12"/>

                        <ListBox Grid.Row="2" x:Name="listBoxUsers" 
                                 Style="{StaticResource ModernListBox}"
                                 SelectionMode="Extended"/>

                        <!-- User Actions -->
                        <UniformGrid Grid.Row="3" Columns="3" Margin="0,6,0,0">
                            <Button Content="Select All" Style="{StaticResource SecondaryButton}" 
                                    x:Name="buttonSelectAllUsers" Margin="0,0,2,0" Height="26"/>
                            <Button Content="Clear" Style="{StaticResource SecondaryButton}" 
                                    x:Name="buttonDeselectAllUsers" Margin="1,0" Height="26"/>
                            <Button Content="Refresh" Style="{StaticResource SecondaryButton}" 
                                    x:Name="buttonRefreshUsers" Margin="2,0,0,0" Height="26"/>
                        </UniformGrid>
                    </Grid>
                </GroupBox>

                <!-- Info Box -->
                <GroupBox Grid.Row="2" Header="Quick Guide" Style="{StaticResource InfoGroupBox}" Height="120">
                    <StackPanel>
                        <TextBlock Text="1. Select target OU for group creation   ->   2. Enter an optional group name prefix and number range / if left blank, only one group will be created." FontSize="11" Margin="0,2"/>
                        <TextBlock Text="3. Choose group type (Security/Distribution) and scope   ->   4. Select users to add to groups (optional)   ->   5. Use Preview to check and create group(s)" FontSize="11" Margin="0,2" FontWeight="SemiBold"/>
                    </StackPanel>
                </GroupBox>

                <!-- Action Buttons -->
                <Grid Grid.Row="4">
                    <Grid.RowDefinitions>
                        <RowDefinition Height="Auto"/>
                        <RowDefinition Height="Auto"/>
                    </Grid.RowDefinitions>

                    <!-- Progress Bar -->
                    <ProgressBar Grid.Row="0" x:Name="progressBarMain" 
                                 Height="6" 
                                 Visibility="Collapsed" 
                                 Background="#F3F2F1" 
                                 Foreground="#0078D4"
                                 Margin="0,0,0,8"/>

                    <!-- Buttons -->
                    <UniformGrid Grid.Row="1" Columns="4">
                        <Button Content="Preview" 
                                Style="{StaticResource SecondaryButton}" 
                                x:Name="buttonPreview" 
                                Height="36" 
                                Margin="0,0,4,0"/>

                        <Button Content="Create" 
                                Style="{StaticResource ModernButton}" 
                                x:Name="buttonCreate" 
                                Height="36" 
                                Margin="2,0"/>

                        <Button Content="Report" 
                                Style="{StaticResource SecondaryButton}" 
                                x:Name="buttonReport" 
                                Height="36" 
                                Margin="2,0"/>

                        <Button Content="Close" 
                                Style="{StaticResource DangerButton}" 
                                x:Name="buttonClose" 
                                Height="36" 
                                Margin="4,0,0,0"/>
                    </UniformGrid>
                </Grid>
            </Grid>
        </Grid>

        <!-- Footer -->
        <Border Grid.Row="2" Background="#F8F8F8" BorderBrush="#E1DFDD" BorderThickness="0,1,0,0" Height="40">
            <Grid Margin="20,0">
                <Grid.ColumnDefinitions>
                    <ColumnDefinition Width="*"/>
                    <ColumnDefinition Width="Auto"/>
                    <ColumnDefinition Width="Auto"/>
                </Grid.ColumnDefinitions>

                <StackPanel Grid.Column="0" Orientation="Horizontal" VerticalAlignment="Center">
                    <TextBlock Text="Web:" FontSize="12" VerticalAlignment="Center" Margin="0,0,6,0"/>
                    <TextBlock x:Name="linkLabel" VerticalAlignment="Center">
                        <Hyperlink x:Name="hyperlinkWebsite" NavigateUri="https://phinit.de" 
                                   TextDecorations="None" Foreground="#0078D4" FontSize="12">
                            https://phinit.de
                        </Hyperlink>
                    </TextBlock>
                </StackPanel>

                <TextBlock Grid.Column="1" x:Name="statusLabel" 
                           Text="Ready" 
                           VerticalAlignment="Center" 
                           FontSize="11" 
                           Foreground="#605E5C" 
                           Margin="0,0,12,0"/>

                <TextBlock Grid.Column="2" x:Name="footerInfo" 
                           VerticalAlignment="Center" 
                           FontSize="11" 
                           Foreground="#605E5C"/>
            </Grid>
        </Border>
    </Grid>
</Window>
" kann nicht in den Typ "System.Xml.XmlDocument" konvertiert werden. Fehler: "Unerwartetes Token 'Height'. Erwartet wird ein Leerzeichen. Zeile 296, Position 76."
